<?xml version="1.0" encoding="UTF-8"?>
<coverage generated="1779637695325" clover="3.2.0">
  <project timestamp="1779637695325" name="All files">
    <metrics statements="50" coveredstatements="49" conditionals="30" coveredconditionals="22" methods="23" coveredmethods="23" elements="103" coveredelements="94" complexity="0" loc="50" ncloc="50" packages="2" files="3" classes="3"/>
    <package name="migrations">
      <metrics statements="8" coveredstatements="8" conditionals="4" coveredconditionals="3" methods="3" coveredmethods="3"/>
      <file name="runner.ts" path="C:\Users\jppan\Documents\lol\1shits\SpentIt\spent-it\src\db\migrations\runner.ts">
        <metrics statements="8" coveredstatements="8" conditionals="4" coveredconditionals="3" methods="3" coveredmethods="3"/>
        <line num="8" count="26" type="stmt"/>
        <line num="9" count="26" type="cond" truecount="1" falsecount="1"/>
        <line num="11" count="26" type="stmt"/>
        <line num="12" count="26" type="cond" truecount="2" falsecount="0"/>
        <line num="14" count="24" type="stmt"/>
        <line num="15" count="24" type="stmt"/>
        <line num="16" count="24" type="stmt"/>
        <line num="19" count="24" type="stmt"/>
      </file>
    </package>
    <package name="repositories">
      <metrics statements="42" coveredstatements="41" conditionals="26" coveredconditionals="19" methods="20" coveredmethods="20"/>
      <file name="account-repository.ts" path="C:\Users\jppan\Documents\lol\1shits\SpentIt\spent-it\src\db\repositories\account-repository.ts">
        <metrics statements="25" coveredstatements="25" conditionals="14" coveredconditionals="9" methods="16" coveredmethods="16"/>
        <line num="26" count="9" type="stmt"/>
        <line num="36" count="13" type="stmt"/>
        <line num="37" count="13" type="stmt"/>
        <line num="53" count="11" type="stmt"/>
        <line num="58" count="4" type="stmt"/>
        <line num="59" count="4" type="stmt"/>
        <line num="72" count="5" type="stmt"/>
        <line num="80" count="5" type="stmt"/>
        <line num="81" count="5" type="stmt"/>
        <line num="85" count="5" type="cond" truecount="2" falsecount="0"/>
        <line num="90" count="2" type="stmt"/>
        <line num="91" count="2" type="stmt"/>
        <line num="92" count="2" type="cond" truecount="2" falsecount="0"/>
        <line num="94" count="2" type="stmt"/>
        <line num="95" count="1" type="stmt"/>
        <line num="96" count="2" type="stmt"/>
        <line num="97" count="2" type="cond" truecount="1" falsecount="3"/>
        <line num="98" count="2" type="stmt"/>
        <line num="100" count="1" type="stmt"/>
        <line num="102" count="1" type="stmt"/>
        <line num="110" count="2" type="stmt"/>
        <line num="111" count="2" type="stmt"/>
        <line num="119" count="6" type="stmt"/>
        <line num="120" count="6" type="stmt"/>
        <line num="132" count="6" type="cond" truecount="2" falsecount="0"/>
      </file>
      <file name="base-repository.ts" path="C:\Users\jppan\Documents\lol\1shits\SpentIt\spent-it\src\db\repositories\base-repository.ts">
        <metrics statements="17" coveredstatements="16" conditionals="12" coveredconditionals="10" methods="4" coveredmethods="4"/>
        <line num="7" count="5" type="stmt"/>
        <line num="8" count="5" type="stmt"/>
        <line num="9" count="5" type="stmt"/>
        <line num="13" count="1" type="stmt"/>
        <line num="23" count="5" type="cond" truecount="2" falsecount="0"/>
        <line num="25" count="4" type="cond" truecount="1" falsecount="1"/>
        <line num="27" count="4" type="cond" truecount="2" falsecount="0"/>
        <line num="28" count="2" type="stmt"/>
        <line num="30" count="2" type="cond" truecount="2" falsecount="0"/>
        <line num="31" count="1" type="stmt"/>
        <line num="33" count="1" type="cond" truecount="3" falsecount="1"/>
        <line num="34" count="0" type="stmt"/>
        <line num="36" count="1" type="stmt"/>
        <line num="43" count="21" type="stmt"/>
        <line num="47" count="35" type="stmt"/>
        <line num="48" count="35" type="stmt"/>
        <line num="50" count="5" type="stmt"/>
      </file>
    </package>
  </project>
</coverage>
