{
  "C:\\Users\\jppan\\Documents\\lol\\1shits\\SpentIt\\spent-it\\src\\db\\migrations\\runner.ts": {
    "path": "C:\\Users\\jppan\\Documents\\lol\\1shits\\SpentIt\\spent-it\\src\\db\\migrations\\runner.ts",
    "statementMap": {
      "0": { "start": { "line": 8, "column": 21 }, "end": { "line": 8, "column": 92 } },
      "1": { "start": { "line": 9, "column": 25 }, "end": { "line": 9, "column": 54 } },
      "2": { "start": { "line": 11, "column": 18 }, "end": { "line": 11, "column": 70 } },
      "3": { "start": { "line": 11, "column": 43 }, "end": { "line": 11, "column": 69 } },
      "4": { "start": { "line": 12, "column": 2 }, "end": { "line": 12, "column": 35 } },
      "5": { "start": { "line": 12, "column": 28 }, "end": { "line": 12, "column": 35 } },
      "6": { "start": { "line": 14, "column": 2 }, "end": { "line": 21, "column": 3 } },
      "7": { "start": { "line": 15, "column": 4 }, "end": { "line": 20, "column": 7 } },
      "8": { "start": { "line": 16, "column": 6 }, "end": { "line": 16, "column": 40 } },
      "9": { "start": { "line": 19, "column": 6 }, "end": { "line": 19, "column": 71 } }
    },
    "fnMap": {
      "0": {
        "name": "runMigrations",
        "decl": { "start": { "line": 7, "column": 22 }, "end": { "line": 7, "column": 35 } },
        "loc": { "start": { "line": 7, "column": 71 }, "end": { "line": 22, "column": 1 } },
        "line": 7
      },
      "1": {
        "name": "(anonymous_1)",
        "decl": { "start": { "line": 11, "column": 36 }, "end": { "line": 11, "column": 37 } },
        "loc": { "start": { "line": 11, "column": 43 }, "end": { "line": 11, "column": 69 } },
        "line": 11
      },
      "2": {
        "name": "(anonymous_2)",
        "decl": { "start": { "line": 15, "column": 34 }, "end": { "line": 15, "column": 35 } },
        "loc": { "start": { "line": 15, "column": 46 }, "end": { "line": 20, "column": 5 } },
        "line": 15
      }
    },
    "branchMap": {
      "0": {
        "loc": { "start": { "line": 9, "column": 25 }, "end": { "line": 9, "column": 54 } },
        "type": "binary-expr",
        "locations": [
          { "start": { "line": 9, "column": 25 }, "end": { "line": 9, "column": 49 } },
          { "start": { "line": 9, "column": 53 }, "end": { "line": 9, "column": 54 } }
        ],
        "line": 9
      },
      "1": {
        "loc": { "start": { "line": 12, "column": 2 }, "end": { "line": 12, "column": 35 } },
        "type": "if",
        "locations": [
          { "start": { "line": 12, "column": 2 }, "end": { "line": 12, "column": 35 } },
          { "start": {}, "end": {} }
        ],
        "line": 12
      }
    },
    "s": {
      "0": 63,
      "1": 63,
      "2": 63,
      "3": 63,
      "4": 63,
      "5": 2,
      "6": 61,
      "7": 61,
      "8": 61,
      "9": 61
    },
    "f": { "0": 63, "1": 63, "2": 61 },
    "b": { "0": [63, 0], "1": [2, 61] },
    "_coverageSchema": "1a1c01bbd47fc00a2c39e90264f33305004495a9",
    "hash": "e3ae6fd8030d4786ca45fe1aec3e7d8239178fa3"
  },
  "C:\\Users\\jppan\\Documents\\lol\\1shits\\SpentIt\\spent-it\\src\\db\\repositories\\account-repository.ts": {
    "path": "C:\\Users\\jppan\\Documents\\lol\\1shits\\SpentIt\\spent-it\\src\\db\\repositories\\account-repository.ts",
    "statementMap": {
      "0": { "start": { "line": 26, "column": 2 }, "end": { "line": 31, "column": 4 } },
      "1": { "start": { "line": 36, "column": 4 }, "end": { "line": 54, "column": 7 } },
      "2": { "start": { "line": 37, "column": 21 }, "end": { "line": 52, "column": 7 } },
      "3": { "start": { "line": 53, "column": 6 }, "end": { "line": 53, "column": 36 } },
      "4": { "start": { "line": 58, "column": 4 }, "end": { "line": 76, "column": 7 } },
      "5": { "start": { "line": 59, "column": 19 }, "end": { "line": 71, "column": 7 } },
      "6": { "start": { "line": 72, "column": 6 }, "end": { "line": 75, "column": 10 } },
      "7": { "start": { "line": 72, "column": 32 }, "end": { "line": 75, "column": 7 } },
      "8": { "start": { "line": 80, "column": 4 }, "end": { "line": 85, "column": 7 } },
      "9": { "start": { "line": 81, "column": 18 }, "end": { "line": 83, "column": 8 } },
      "10": { "start": { "line": 84, "column": 6 }, "end": { "line": 84, "column": 44 } },
      "11": { "start": { "line": 89, "column": 4 }, "end": { "line": 105, "column": 7 } },
      "12": { "start": { "line": 90, "column": 21 }, "end": { "line": 90, "column": 62 } },
      "13": { "start": { "line": 91, "column": 6 }, "end": { "line": 91, "column": 38 } },
      "14": { "start": { "line": 91, "column": 31 }, "end": { "line": 91, "column": 38 } },
      "15": { "start": { "line": 93, "column": 25 }, "end": { "line": 93, "column": 65 } },
      "16": { "start": { "line": 93, "column": 43 }, "end": { "line": 93, "column": 53 } },
      "17": { "start": { "line": 94, "column": 42 }, "end": { "line": 98, "column": 8 } },
      "18": { "start": { "line": 95, "column": 20 }, "end": { "line": 95, "column": 27 } },
      "19": { "start": { "line": 96, "column": 8 }, "end": { "line": 96, "column": 57 } },
      "20": { "start": { "line": 96, "column": 38 }, "end": { "line": 96, "column": 57 } },
      "21": { "start": { "line": 97, "column": 8 }, "end": { "line": 97, "column": 38 } },
      "22": { "start": { "line": 99, "column": 6 }, "end": { "line": 99, "column": 22 } },
      "23": { "start": { "line": 101, "column": 6 }, "end": { "line": 104, "column": 8 } },
      "24": { "start": { "line": 109, "column": 4 }, "end": { "line": 114, "column": 7 } },
      "25": { "start": { "line": 110, "column": 6 }, "end": { "line": 113, "column": 8 } },
      "26": { "start": { "line": 118, "column": 4 }, "end": { "line": 132, "column": 7 } },
      "27": { "start": { "line": 119, "column": 18 }, "end": { "line": 130, "column": 7 } },
      "28": { "start": { "line": 131, "column": 6 }, "end": { "line": 131, "column": 39 } }
    },
    "fnMap": {
      "0": {
        "name": "rowToAccount",
        "decl": { "start": { "line": 25, "column": 9 }, "end": { "line": 25, "column": 21 } },
        "loc": { "start": { "line": 25, "column": 48 }, "end": { "line": 32, "column": 1 } },
        "line": 25
      },
      "1": {
        "name": "(anonymous_1)",
        "decl": { "start": { "line": 35, "column": 2 }, "end": { "line": 35, "column": 3 } },
        "loc": { "start": { "line": 35, "column": 53 }, "end": { "line": 55, "column": 3 } },
        "line": 35
      },
      "2": {
        "name": "(anonymous_2)",
        "decl": { "start": { "line": 36, "column": 24 }, "end": { "line": 36, "column": 25 } },
        "loc": { "start": { "line": 36, "column": 36 }, "end": { "line": 54, "column": 5 } },
        "line": 36
      },
      "3": {
        "name": "(anonymous_3)",
        "decl": { "start": { "line": 57, "column": 2 }, "end": { "line": 57, "column": 3 } },
        "loc": { "start": { "line": 57, "column": 48 }, "end": { "line": 77, "column": 3 } },
        "line": 57
      },
      "4": {
        "name": "(anonymous_4)",
        "decl": { "start": { "line": 58, "column": 24 }, "end": { "line": 58, "column": 25 } },
        "loc": { "start": { "line": 58, "column": 36 }, "end": { "line": 76, "column": 5 } },
        "line": 58
      },
      "5": {
        "name": "(anonymous_5)",
        "decl": { "start": { "line": 72, "column": 22 }, "end": { "line": 72, "column": 23 } },
        "loc": { "start": { "line": 72, "column": 32 }, "end": { "line": 75, "column": 7 } },
        "line": 72
      },
      "6": {
        "name": "(anonymous_6)",
        "decl": { "start": { "line": 79, "column": 2 }, "end": { "line": 79, "column": 3 } },
        "loc": { "start": { "line": 79, "column": 53 }, "end": { "line": 86, "column": 3 } },
        "line": 79
      },
      "7": {
        "name": "(anonymous_7)",
        "decl": { "start": { "line": 80, "column": 24 }, "end": { "line": 80, "column": 25 } },
        "loc": { "start": { "line": 80, "column": 36 }, "end": { "line": 85, "column": 5 } },
        "line": 80
      },
      "8": {
        "name": "(anonymous_8)",
        "decl": { "start": { "line": 88, "column": 2 }, "end": { "line": 88, "column": 3 } },
        "loc": { "start": { "line": 88, "column": 69 }, "end": { "line": 106, "column": 3 } },
        "line": 88
      },
      "9": {
        "name": "(anonymous_9)",
        "decl": { "start": { "line": 89, "column": 24 }, "end": { "line": 89, "column": 25 } },
        "loc": { "start": { "line": 89, "column": 36 }, "end": { "line": 105, "column": 5 } },
        "line": 89
      },
      "10": {
        "name": "(anonymous_10)",
        "decl": { "start": { "line": 93, "column": 36 }, "end": { "line": 93, "column": 37 } },
        "loc": { "start": { "line": 93, "column": 43 }, "end": { "line": 93, "column": 53 } },
        "line": 93
      },
      "11": {
        "name": "(anonymous_11)",
        "decl": { "start": { "line": 94, "column": 53 }, "end": { "line": 94, "column": 54 } },
        "loc": { "start": { "line": 94, "column": 60 }, "end": { "line": 98, "column": 7 } },
        "line": 94
      },
      "12": {
        "name": "(anonymous_12)",
        "decl": { "start": { "line": 108, "column": 2 }, "end": { "line": 108, "column": 3 } },
        "loc": { "start": { "line": 108, "column": 43 }, "end": { "line": 115, "column": 3 } },
        "line": 108
      },
      "13": {
        "name": "(anonymous_13)",
        "decl": { "start": { "line": 109, "column": 24 }, "end": { "line": 109, "column": 25 } },
        "loc": { "start": { "line": 109, "column": 36 }, "end": { "line": 114, "column": 5 } },
        "line": 109
      },
      "14": {
        "name": "(anonymous_14)",
        "decl": { "start": { "line": 117, "column": 2 }, "end": { "line": 117, "column": 3 } },
        "loc": { "start": { "line": 117, "column": 55 }, "end": { "line": 133, "column": 3 } },
        "line": 117
      },
      "15": {
        "name": "(anonymous_15)",
        "decl": { "start": { "line": 118, "column": 24 }, "end": { "line": 118, "column": 25 } },
        "loc": { "start": { "line": 118, "column": 36 }, "end": { "line": 132, "column": 5 } },
        "line": 118
      }
    },
    "branchMap": {
      "0": {
        "loc": { "start": { "line": 48, "column": 10 }, "end": { "line": 48, "column": 36 } },
        "type": "cond-expr",
        "locations": [
          { "start": { "line": 48, "column": 31 }, "end": { "line": 48, "column": 32 } },
          { "start": { "line": 48, "column": 35 }, "end": { "line": 48, "column": 36 } }
        ],
        "line": 48
      },
      "1": {
        "loc": { "start": { "line": 49, "column": 10 }, "end": { "line": 49, "column": 37 } },
        "type": "cond-expr",
        "locations": [
          { "start": { "line": 49, "column": 32 }, "end": { "line": 49, "column": 33 } },
          { "start": { "line": 49, "column": 36 }, "end": { "line": 49, "column": 37 } }
        ],
        "line": 49
      },
      "2": {
        "loc": { "start": { "line": 84, "column": 13 }, "end": { "line": 84, "column": 43 } },
        "type": "cond-expr",
        "locations": [
          { "start": { "line": 84, "column": 19 }, "end": { "line": 84, "column": 36 } },
          { "start": { "line": 84, "column": 39 }, "end": { "line": 84, "column": 43 } }
        ],
        "line": 84
      },
      "3": {
        "loc": { "start": { "line": 91, "column": 6 }, "end": { "line": 91, "column": 38 } },
        "type": "if",
        "locations": [
          { "start": { "line": 91, "column": 6 }, "end": { "line": 91, "column": 38 } },
          { "start": {}, "end": {} }
        ],
        "line": 91
      },
      "4": {
        "loc": { "start": { "line": 96, "column": 8 }, "end": { "line": 96, "column": 57 } },
        "type": "if",
        "locations": [
          { "start": { "line": 96, "column": 8 }, "end": { "line": 96, "column": 57 } },
          { "start": {}, "end": {} }
        ],
        "line": 96
      },
      "5": {
        "loc": { "start": { "line": 96, "column": 45 }, "end": { "line": 96, "column": 56 } },
        "type": "cond-expr",
        "locations": [
          { "start": { "line": 96, "column": 51 }, "end": { "line": 96, "column": 52 } },
          { "start": { "line": 96, "column": 55 }, "end": { "line": 96, "column": 56 } }
        ],
        "line": 96
      },
      "6": {
        "loc": { "start": { "line": 131, "column": 13 }, "end": { "line": 131, "column": 38 } },
        "type": "binary-expr",
        "locations": [
          { "start": { "line": 131, "column": 13 }, "end": { "line": 131, "column": 33 } },
          { "start": { "line": 131, "column": 37 }, "end": { "line": 131, "column": 38 } }
        ],
        "line": 131
      }
    },
    "s": {
      "0": 9,
      "1": 13,
      "2": 13,
      "3": 11,
      "4": 4,
      "5": 4,
      "6": 4,
      "7": 5,
      "8": 5,
      "9": 5,
      "10": 5,
      "11": 2,
      "12": 2,
      "13": 2,
      "14": 1,
      "15": 1,
      "16": 2,
      "17": 1,
      "18": 2,
      "19": 2,
      "20": 0,
      "21": 2,
      "22": 1,
      "23": 1,
      "24": 2,
      "25": 2,
      "26": 6,
      "27": 6,
      "28": 6
    },
    "f": {
      "0": 9,
      "1": 13,
      "2": 13,
      "3": 4,
      "4": 4,
      "5": 5,
      "6": 5,
      "7": 5,
      "8": 2,
      "9": 2,
      "10": 2,
      "11": 2,
      "12": 2,
      "13": 2,
      "14": 6,
      "15": 6
    },
    "b": {
      "0": [0, 13],
      "1": [0, 13],
      "2": [4, 1],
      "3": [1, 1],
      "4": [0, 2],
      "5": [0, 0],
      "6": [6, 1]
    },
    "_coverageSchema": "1a1c01bbd47fc00a2c39e90264f33305004495a9",
    "hash": "45f7ef11eb05020e1113cac0354e7884f30a871c"
  },
  "C:\\Users\\jppan\\Documents\\lol\\1shits\\SpentIt\\spent-it\\src\\db\\repositories\\base-repository.ts": {
    "path": "C:\\Users\\jppan\\Documents\\lol\\1shits\\SpentIt\\spent-it\\src\\db\\repositories\\base-repository.ts",
    "statementMap": {
      "0": { "start": { "line": 7, "column": 4 }, "end": { "line": 7, "column": 19 } },
      "1": { "start": { "line": 8, "column": 4 }, "end": { "line": 8, "column": 32 } },
      "2": { "start": { "line": 9, "column": 4 }, "end": { "line": 9, "column": 21 } },
      "3": { "start": { "line": 13, "column": 30 }, "end": { "line": 18, "column": 10 } },
      "4": { "start": { "line": 23, "column": 2 }, "end": { "line": 23, "column": 47 } },
      "5": { "start": { "line": 23, "column": 36 }, "end": { "line": 23, "column": 47 } },
      "6": { "start": { "line": 25, "column": 18 }, "end": { "line": 25, "column": 66 } },
      "7": { "start": { "line": 27, "column": 2 }, "end": { "line": 29, "column": 3 } },
      "8": { "start": { "line": 28, "column": 4 }, "end": { "line": 28, "column": 72 } },
      "9": { "start": { "line": 30, "column": 2 }, "end": { "line": 32, "column": 3 } },
      "10": { "start": { "line": 31, "column": 4 }, "end": { "line": 31, "column": 68 } },
      "11": { "start": { "line": 33, "column": 2 }, "end": { "line": 35, "column": 3 } },
      "12": { "start": { "line": 34, "column": 4 }, "end": { "line": 34, "column": 59 } },
      "13": { "start": { "line": 36, "column": 2 }, "end": { "line": 36, "column": 60 } },
      "14": { "start": { "line": 43, "column": 4 }, "end": { "line": 43, "column": 17 } },
      "15": { "start": { "line": 47, "column": 4 }, "end": { "line": 51, "column": 5 } },
      "16": { "start": { "line": 48, "column": 6 }, "end": { "line": 48, "column": 31 } },
      "17": { "start": { "line": 50, "column": 6 }, "end": { "line": 50, "column": 32 } }
    },
    "fnMap": {
      "0": {
        "name": "(anonymous_0)",
        "decl": { "start": { "line": 6, "column": 2 }, "end": { "line": 6, "column": 3 } },
        "loc": { "start": { "line": 6, "column": 45 }, "end": { "line": 10, "column": 3 } },
        "line": 6
      },
      "1": {
        "name": "translateError",
        "decl": { "start": { "line": 22, "column": 9 }, "end": { "line": 22, "column": 23 } },
        "loc": { "start": { "line": 22, "column": 53 }, "end": { "line": 37, "column": 1 } },
        "line": 22
      },
      "2": {
        "name": "(anonymous_2)",
        "decl": { "start": { "line": 42, "column": 2 }, "end": { "line": 42, "column": 3 } },
        "loc": { "start": { "line": 42, "column": 34 }, "end": { "line": 44, "column": 3 } },
        "line": 42
      },
      "3": {
        "name": "(anonymous_3)",
        "decl": { "start": { "line": 46, "column": 2 }, "end": { "line": 46, "column": 3 } },
        "loc": { "start": { "line": 46, "column": 70 }, "end": { "line": 52, "column": 3 } },
        "line": 46
      }
    },
    "branchMap": {
      "0": {
        "loc": { "start": { "line": 23, "column": 2 }, "end": { "line": 23, "column": 47 } },
        "type": "if",
        "locations": [
          { "start": { "line": 23, "column": 2 }, "end": { "line": 23, "column": 47 } },
          { "start": {}, "end": {} }
        ],
        "line": 23
      },
      "1": {
        "loc": { "start": { "line": 25, "column": 18 }, "end": { "line": 25, "column": 66 } },
        "type": "cond-expr",
        "locations": [
          { "start": { "line": 25, "column": 41 }, "end": { "line": 25, "column": 52 } },
          { "start": { "line": 25, "column": 55 }, "end": { "line": 25, "column": 66 } }
        ],
        "line": 25
      },
      "2": {
        "loc": { "start": { "line": 27, "column": 2 }, "end": { "line": 29, "column": 3 } },
        "type": "if",
        "locations": [
          { "start": { "line": 27, "column": 2 }, "end": { "line": 29, "column": 3 } },
          { "start": {}, "end": {} }
        ],
        "line": 27
      },
      "3": {
        "loc": { "start": { "line": 30, "column": 2 }, "end": { "line": 32, "column": 3 } },
        "type": "if",
        "locations": [
          { "start": { "line": 30, "column": 2 }, "end": { "line": 32, "column": 3 } },
          { "start": {}, "end": {} }
        ],
        "line": 30
      },
      "4": {
        "loc": { "start": { "line": 33, "column": 2 }, "end": { "line": 35, "column": 3 } },
        "type": "if",
        "locations": [
          { "start": { "line": 33, "column": 2 }, "end": { "line": 35, "column": 3 } },
          { "start": {}, "end": {} }
        ],
        "line": 33
      },
      "5": {
        "loc": { "start": { "line": 33, "column": 6 }, "end": { "line": 33, "column": 79 } },
        "type": "binary-expr",
        "locations": [
          { "start": { "line": 33, "column": 6 }, "end": { "line": 33, "column": 44 } },
          { "start": { "line": 33, "column": 48 }, "end": { "line": 33, "column": 79 } }
        ],
        "line": 33
      }
    },
    "s": {
      "0": 8,
      "1": 8,
      "2": 8,
      "3": 5,
      "4": 8,
      "5": 1,
      "6": 7,
      "7": 7,
      "8": 2,
      "9": 5,
      "10": 4,
      "11": 1,
      "12": 0,
      "13": 1,
      "14": 58,
      "15": 146,
      "16": 146,
      "17": 8
    },
    "f": { "0": 8, "1": 8, "2": 58, "3": 146 },
    "b": { "0": [1, 7], "1": [7, 0], "2": [2, 5], "3": [4, 1], "4": [0, 1], "5": [1, 1] },
    "_coverageSchema": "1a1c01bbd47fc00a2c39e90264f33305004495a9",
    "hash": "6c9b6f49cf8211c5e3ea38c1057ed8bb116eb158"
  },
  "C:\\Users\\jppan\\Documents\\lol\\1shits\\SpentIt\\spent-it\\src\\db\\repositories\\category-repository.ts": {
    "path": "C:\\Users\\jppan\\Documents\\lol\\1shits\\SpentIt\\spent-it\\src\\db\\repositories\\category-repository.ts",
    "statementMap": {
      "0": { "start": { "line": 19, "column": 2 }, "end": { "line": 24, "column": 4 } },
      "1": { "start": { "line": 29, "column": 4 }, "end": { "line": 34, "column": 7 } },
      "2": { "start": { "line": 30, "column": 19 }, "end": { "line": 32, "column": 7 } },
      "3": { "start": { "line": 33, "column": 6 }, "end": { "line": 33, "column": 37 } },
      "4": { "start": { "line": 38, "column": 4 }, "end": { "line": 44, "column": 7 } },
      "5": { "start": { "line": 39, "column": 18 }, "end": { "line": 42, "column": 7 } },
      "6": { "start": { "line": 43, "column": 6 }, "end": { "line": 43, "column": 45 } },
      "7": { "start": { "line": 48, "column": 4 }, "end": { "line": 63, "column": 7 } },
      "8": { "start": { "line": 49, "column": 6 }, "end": { "line": 54, "column": 7 } },
      "9": { "start": { "line": 50, "column": 21 }, "end": { "line": 52, "column": 9 } },
      "10": { "start": { "line": 53, "column": 8 }, "end": { "line": 53, "column": 39 } },
      "11": { "start": { "line": 55, "column": 23 }, "end": { "line": 55, "column": 48 } },
      "12": { "start": { "line": 56, "column": 19 }, "end": { "line": 61, "column": 7 } },
      "13": { "start": { "line": 62, "column": 6 }, "end": { "line": 62, "column": 37 } }
    },
    "fnMap": {
      "0": {
        "name": "rowToCategory",
        "decl": { "start": { "line": 18, "column": 9 }, "end": { "line": 18, "column": 22 } },
        "loc": { "start": { "line": 18, "column": 51 }, "end": { "line": 25, "column": 1 } },
        "line": 18
      },
      "1": {
        "name": "(anonymous_1)",
        "decl": { "start": { "line": 28, "column": 2 }, "end": { "line": 28, "column": 3 } },
        "loc": { "start": { "line": 28, "column": 38 }, "end": { "line": 35, "column": 3 } },
        "line": 28
      },
      "2": {
        "name": "(anonymous_2)",
        "decl": { "start": { "line": 29, "column": 24 }, "end": { "line": 29, "column": 25 } },
        "loc": { "start": { "line": 29, "column": 36 }, "end": { "line": 34, "column": 5 } },
        "line": 29
      },
      "3": {
        "name": "(anonymous_3)",
        "decl": { "start": { "line": 37, "column": 2 }, "end": { "line": 37, "column": 3 } },
        "loc": { "start": { "line": 37, "column": 54 }, "end": { "line": 45, "column": 3 } },
        "line": 37
      },
      "4": {
        "name": "(anonymous_4)",
        "decl": { "start": { "line": 38, "column": 24 }, "end": { "line": 38, "column": 25 } },
        "loc": { "start": { "line": 38, "column": 36 }, "end": { "line": 44, "column": 5 } },
        "line": 38
      },
      "5": {
        "name": "(anonymous_5)",
        "decl": { "start": { "line": 47, "column": 2 }, "end": { "line": 47, "column": 3 } },
        "loc": { "start": { "line": 47, "column": 55 }, "end": { "line": 64, "column": 3 } },
        "line": 47
      },
      "6": {
        "name": "(anonymous_6)",
        "decl": { "start": { "line": 48, "column": 24 }, "end": { "line": 48, "column": 25 } },
        "loc": { "start": { "line": 48, "column": 36 }, "end": { "line": 63, "column": 5 } },
        "line": 48
      }
    },
    "branchMap": {
      "0": {
        "loc": { "start": { "line": 43, "column": 13 }, "end": { "line": 43, "column": 44 } },
        "type": "cond-expr",
        "locations": [
          { "start": { "line": 43, "column": 19 }, "end": { "line": 43, "column": 37 } },
          { "start": { "line": 43, "column": 40 }, "end": { "line": 43, "column": 44 } }
        ],
        "line": 43
      },
      "1": {
        "loc": { "start": { "line": 49, "column": 6 }, "end": { "line": 54, "column": 7 } },
        "type": "if",
        "locations": [
          { "start": { "line": 49, "column": 6 }, "end": { "line": 54, "column": 7 } },
          { "start": {}, "end": {} }
        ],
        "line": 49
      },
      "2": {
        "loc": { "start": { "line": 55, "column": 23 }, "end": { "line": 55, "column": 48 } },
        "type": "cond-expr",
        "locations": [
          { "start": { "line": 55, "column": 43 }, "end": { "line": 55, "column": 44 } },
          { "start": { "line": 55, "column": 47 }, "end": { "line": 55, "column": 48 } }
        ],
        "line": 55
      }
    },
    "s": {
      "0": 60,
      "1": 2,
      "2": 2,
      "3": 2,
      "4": 2,
      "5": 2,
      "6": 2,
      "7": 3,
      "8": 3,
      "9": 1,
      "10": 1,
      "11": 2,
      "12": 2,
      "13": 2
    },
    "f": { "0": 60, "1": 2, "2": 2, "3": 2, "4": 2, "5": 3, "6": 3 },
    "b": { "0": [1, 1], "1": [1, 2], "2": [1, 1] },
    "_coverageSchema": "1a1c01bbd47fc00a2c39e90264f33305004495a9",
    "hash": "d7696694042ad570ad3800034b159628696655d7"
  },
  "C:\\Users\\jppan\\Documents\\lol\\1shits\\SpentIt\\spent-it\\src\\db\\repositories\\payment-method-repository.ts": {
    "path": "C:\\Users\\jppan\\Documents\\lol\\1shits\\SpentIt\\spent-it\\src\\db\\repositories\\payment-method-repository.ts",
    "statementMap": {
      "0": { "start": { "line": 13, "column": 2 }, "end": { "line": 13, "column": 54 } },
      "1": { "start": { "line": 18, "column": 4 }, "end": { "line": 23, "column": 7 } },
      "2": { "start": { "line": 19, "column": 19 }, "end": { "line": 21, "column": 7 } },
      "3": { "start": { "line": 22, "column": 6 }, "end": { "line": 22, "column": 42 } },
      "4": { "start": { "line": 27, "column": 4 }, "end": { "line": 32, "column": 7 } },
      "5": { "start": { "line": 28, "column": 18 }, "end": { "line": 30, "column": 7 } },
      "6": { "start": { "line": 31, "column": 6 }, "end": { "line": 31, "column": 50 } },
      "7": { "start": { "line": 36, "column": 4 }, "end": { "line": 42, "column": 7 } },
      "8": { "start": { "line": 37, "column": 6 }, "end": { "line": 41, "column": 8 } }
    },
    "fnMap": {
      "0": {
        "name": "rowToPaymentMethod",
        "decl": { "start": { "line": 12, "column": 9 }, "end": { "line": 12, "column": 27 } },
        "loc": { "start": { "line": 12, "column": 66 }, "end": { "line": 14, "column": 1 } },
        "line": 12
      },
      "1": {
        "name": "(anonymous_1)",
        "decl": { "start": { "line": 17, "column": 2 }, "end": { "line": 17, "column": 3 } },
        "loc": { "start": { "line": 17, "column": 43 }, "end": { "line": 24, "column": 3 } },
        "line": 17
      },
      "2": {
        "name": "(anonymous_2)",
        "decl": { "start": { "line": 18, "column": 24 }, "end": { "line": 18, "column": 25 } },
        "loc": { "start": { "line": 18, "column": 36 }, "end": { "line": 23, "column": 5 } },
        "line": 18
      },
      "3": {
        "name": "(anonymous_3)",
        "decl": { "start": { "line": 26, "column": 2 }, "end": { "line": 26, "column": 3 } },
        "loc": { "start": { "line": 26, "column": 52 }, "end": { "line": 33, "column": 3 } },
        "line": 26
      },
      "4": {
        "name": "(anonymous_4)",
        "decl": { "start": { "line": 27, "column": 24 }, "end": { "line": 27, "column": 25 } },
        "loc": { "start": { "line": 27, "column": 36 }, "end": { "line": 32, "column": 5 } },
        "line": 27
      },
      "5": {
        "name": "(anonymous_5)",
        "decl": { "start": { "line": 35, "column": 2 }, "end": { "line": 35, "column": 3 } },
        "loc": { "start": { "line": 35, "column": 58 }, "end": { "line": 43, "column": 3 } },
        "line": 35
      },
      "6": {
        "name": "(anonymous_6)",
        "decl": { "start": { "line": 36, "column": 24 }, "end": { "line": 36, "column": 25 } },
        "loc": { "start": { "line": 36, "column": 36 }, "end": { "line": 42, "column": 5 } },
        "line": 36
      }
    },
    "branchMap": {
      "0": {
        "loc": { "start": { "line": 31, "column": 13 }, "end": { "line": 31, "column": 49 } },
        "type": "cond-expr",
        "locations": [
          { "start": { "line": 31, "column": 19 }, "end": { "line": 31, "column": 42 } },
          { "start": { "line": 31, "column": 45 }, "end": { "line": 31, "column": 49 } }
        ],
        "line": 31
      }
    },
    "s": { "0": 10, "1": 4, "2": 4, "3": 4, "4": 2, "5": 2, "6": 2, "7": 2, "8": 2 },
    "f": { "0": 10, "1": 4, "2": 4, "3": 2, "4": 2, "5": 2, "6": 2 },
    "b": { "0": [1, 1] },
    "_coverageSchema": "1a1c01bbd47fc00a2c39e90264f33305004495a9",
    "hash": "801b8eac34a0af1093b302e550028cb238279183"
  },
  "C:\\Users\\jppan\\Documents\\lol\\1shits\\SpentIt\\spent-it\\src\\db\\repositories\\settings-repository.ts": {
    "path": "C:\\Users\\jppan\\Documents\\lol\\1shits\\SpentIt\\spent-it\\src\\db\\repositories\\settings-repository.ts",
    "statementMap": {
      "0": { "start": { "line": 10, "column": 4 }, "end": { "line": 16, "column": 7 } },
      "1": { "start": { "line": 11, "column": 18 }, "end": { "line": 14, "column": 7 } },
      "2": { "start": { "line": 15, "column": 6 }, "end": { "line": 15, "column": 32 } },
      "3": { "start": { "line": 20, "column": 4 }, "end": { "line": 26, "column": 7 } },
      "4": { "start": { "line": 21, "column": 6 }, "end": { "line": 25, "column": 8 } },
      "5": { "start": { "line": 30, "column": 4 }, "end": { "line": 35, "column": 7 } },
      "6": { "start": { "line": 31, "column": 19 }, "end": { "line": 31, "column": 95 } },
      "7": { "start": { "line": 32, "column": 42 }, "end": { "line": 32, "column": 44 } },
      "8": { "start": { "line": 33, "column": 6 }, "end": { "line": 33, "column": 49 } },
      "9": { "start": { "line": 33, "column": 28 }, "end": { "line": 33, "column": 49 } },
      "10": { "start": { "line": 34, "column": 6 }, "end": { "line": 34, "column": 17 } }
    },
    "fnMap": {
      "0": {
        "name": "(anonymous_0)",
        "decl": { "start": { "line": 9, "column": 2 }, "end": { "line": 9, "column": 3 } },
        "loc": { "start": { "line": 9, "column": 49 }, "end": { "line": 17, "column": 3 } },
        "line": 9
      },
      "1": {
        "name": "(anonymous_1)",
        "decl": { "start": { "line": 10, "column": 24 }, "end": { "line": 10, "column": 25 } },
        "loc": { "start": { "line": 10, "column": 36 }, "end": { "line": 16, "column": 5 } },
        "line": 10
      },
      "2": {
        "name": "(anonymous_2)",
        "decl": { "start": { "line": 19, "column": 2 }, "end": { "line": 19, "column": 3 } },
        "loc": { "start": { "line": 19, "column": 55 }, "end": { "line": 27, "column": 3 } },
        "line": 19
      },
      "3": {
        "name": "(anonymous_3)",
        "decl": { "start": { "line": 20, "column": 24 }, "end": { "line": 20, "column": 25 } },
        "loc": { "start": { "line": 20, "column": 36 }, "end": { "line": 26, "column": 5 } },
        "line": 20
      },
      "4": {
        "name": "(anonymous_4)",
        "decl": { "start": { "line": 29, "column": 2 }, "end": { "line": 29, "column": 3 } },
        "loc": { "start": { "line": 29, "column": 50 }, "end": { "line": 36, "column": 3 } },
        "line": 29
      },
      "5": {
        "name": "(anonymous_5)",
        "decl": { "start": { "line": 30, "column": 24 }, "end": { "line": 30, "column": 25 } },
        "loc": { "start": { "line": 30, "column": 36 }, "end": { "line": 35, "column": 5 } },
        "line": 30
      }
    },
    "branchMap": {
      "0": {
        "loc": { "start": { "line": 15, "column": 13 }, "end": { "line": 15, "column": 31 } },
        "type": "binary-expr",
        "locations": [
          { "start": { "line": 15, "column": 13 }, "end": { "line": 15, "column": 23 } },
          { "start": { "line": 15, "column": 27 }, "end": { "line": 15, "column": 31 } }
        ],
        "line": 15
      }
    },
    "s": {
      "0": 4,
      "1": 4,
      "2": 4,
      "3": 2,
      "4": 2,
      "5": 1,
      "6": 1,
      "7": 1,
      "8": 1,
      "9": 6,
      "10": 1
    },
    "f": { "0": 4, "1": 4, "2": 2, "3": 2, "4": 1, "5": 1 },
    "b": { "0": [4, 1] },
    "_coverageSchema": "1a1c01bbd47fc00a2c39e90264f33305004495a9",
    "hash": "8791cfa3822748379a5d9fb450b9c48f42910a3c"
  },
  "C:\\Users\\jppan\\Documents\\lol\\1shits\\SpentIt\\spent-it\\src\\db\\repositories\\transaction-repository.ts": {
    "path": "C:\\Users\\jppan\\Documents\\lol\\1shits\\SpentIt\\spent-it\\src\\db\\repositories\\transaction-repository.ts",
    "statementMap": {
      "0": { "start": { "line": 41, "column": 2 }, "end": { "line": 46, "column": 4 } },
      "1": { "start": { "line": 50, "column": 2 }, "end": { "line": 57, "column": 4 } },
      "2": { "start": { "line": 62, "column": 4 }, "end": { "line": 87, "column": 7 } },
      "3": { "start": { "line": 63, "column": 21 }, "end": { "line": 85, "column": 7 } },
      "4": { "start": { "line": 86, "column": 6 }, "end": { "line": 86, "column": 36 } },
      "5": { "start": { "line": 91, "column": 4 }, "end": { "line": 97, "column": 7 } },
      "6": { "start": { "line": 92, "column": 18 }, "end": { "line": 95, "column": 7 } },
      "7": { "start": { "line": 96, "column": 6 }, "end": { "line": 96, "column": 48 } },
      "8": { "start": { "line": 101, "column": 4 }, "end": { "line": 118, "column": 7 } },
      "9": { "start": { "line": 102, "column": 21 }, "end": { "line": 102, "column": 67 } },
      "10": { "start": { "line": 103, "column": 6 }, "end": { "line": 103, "column": 38 } },
      "11": { "start": { "line": 103, "column": 31 }, "end": { "line": 103, "column": 38 } },
      "12": { "start": { "line": 105, "column": 25 }, "end": { "line": 105, "column": 65 } },
      "13": { "start": { "line": 105, "column": 43 }, "end": { "line": 105, "column": 53 } },
      "14": { "start": { "line": 106, "column": 49 }, "end": { "line": 111, "column": 8 } },
      "15": { "start": { "line": 107, "column": 20 }, "end": { "line": 107, "column": 28 } },
      "16": { "start": { "line": 108, "column": 8 }, "end": { "line": 108, "column": 57 } },
      "17": { "start": { "line": 108, "column": 38 }, "end": { "line": 108, "column": 57 } },
      "18": { "start": { "line": 109, "column": 8 }, "end": { "line": 109, "column": 43 } },
      "19": { "start": { "line": 109, "column": 31 }, "end": { "line": 109, "column": 43 } },
      "20": { "start": { "line": 110, "column": 8 }, "end": { "line": 110, "column": 45 } },
      "21": { "start": { "line": 112, "column": 6 }, "end": { "line": 112, "column": 22 } },
      "22": { "start": { "line": 114, "column": 6 }, "end": { "line": 117, "column": 8 } },
      "23": { "start": { "line": 122, "column": 4 }, "end": { "line": 124, "column": 7 } },
      "24": { "start": { "line": 123, "column": 6 }, "end": { "line": 123, "column": 76 } },
      "25": { "start": { "line": 132, "column": 4 }, "end": { "line": 189, "column": 7 } },
      "26": { "start": { "line": 133, "column": 30 }, "end": { "line": 133, "column": 51 } },
      "27": { "start": { "line": 134, "column": 42 }, "end": { "line": 134, "column": 44 } },
      "28": { "start": { "line": 136, "column": 6 }, "end": { "line": 139, "column": 7 } },
      "29": { "start": { "line": 137, "column": 8 }, "end": { "line": 137, "column": 64 } },
      "30": { "start": { "line": 138, "column": 8 }, "end": { "line": 138, "column": 57 } },
      "31": { "start": { "line": 140, "column": 6 }, "end": { "line": 143, "column": 7 } },
      "32": { "start": { "line": 141, "column": 8 }, "end": { "line": 141, "column": 47 } },
      "33": { "start": { "line": 142, "column": 8 }, "end": { "line": 142, "column": 39 } },
      "34": { "start": { "line": 144, "column": 6 }, "end": { "line": 147, "column": 7 } },
      "35": { "start": { "line": 145, "column": 8 }, "end": { "line": 145, "column": 33 } },
      "36": { "start": { "line": 146, "column": 8 }, "end": { "line": 146, "column": 34 } },
      "37": { "start": { "line": 148, "column": 6 }, "end": { "line": 151, "column": 7 } },
      "38": { "start": { "line": 149, "column": 8 }, "end": { "line": 149, "column": 40 } },
      "39": { "start": { "line": 150, "column": 8 }, "end": { "line": 150, "column": 41 } },
      "40": { "start": { "line": 152, "column": 6 }, "end": { "line": 155, "column": 7 } },
      "41": { "start": { "line": 153, "column": 8 }, "end": { "line": 153, "column": 39 } },
      "42": { "start": { "line": 154, "column": 8 }, "end": { "line": 154, "column": 40 } },
      "43": { "start": { "line": 156, "column": 6 }, "end": { "line": 160, "column": 7 } },
      "44": { "start": { "line": 157, "column": 8 }, "end": { "line": 157, "column": 55 } },
      "45": { "start": { "line": 158, "column": 20 }, "end": { "line": 158, "column": 48 } },
      "46": { "start": { "line": 159, "column": 8 }, "end": { "line": 159, "column": 30 } },
      "47": { "start": { "line": 162, "column": 6 }, "end": { "line": 162, "column": 29 } },
      "48": { "start": { "line": 164, "column": 18 }, "end": { "line": 178, "column": 7 } },
      "49": { "start": { "line": 180, "column": 19 }, "end": { "line": 180, "column": 77 } },
      "50": { "start": { "line": 182, "column": 34 }, "end": { "line": 182, "column": 38 } },
      "51": { "start": { "line": 183, "column": 6 }, "end": { "line": 187, "column": 7 } },
      "52": { "start": { "line": 184, "column": 21 }, "end": { "line": 184, "column": 36 } },
      "53": { "start": { "line": 185, "column": 8 }, "end": { "line": 185, "column": 54 } },
      "54": { "start": { "line": 186, "column": 8 }, "end": { "line": 186, "column": 28 } },
      "55": { "start": { "line": 188, "column": 6 }, "end": { "line": 188, "column": 63 } }
    },
    "fnMap": {
      "0": {
        "name": "rowToTransaction",
        "decl": { "start": { "line": 40, "column": 9 }, "end": { "line": 40, "column": 25 } },
        "loc": { "start": { "line": 40, "column": 60 }, "end": { "line": 47, "column": 1 } },
        "line": 40
      },
      "1": {
        "name": "rowToWithCategory",
        "decl": { "start": { "line": 49, "column": 9 }, "end": { "line": 49, "column": 26 } },
        "loc": { "start": { "line": 49, "column": 77 }, "end": { "line": 58, "column": 1 } },
        "line": 49
      },
      "2": {
        "name": "(anonymous_2)",
        "decl": { "start": { "line": 61, "column": 2 }, "end": { "line": 61, "column": 3 } },
        "loc": { "start": { "line": 61, "column": 52 }, "end": { "line": 88, "column": 3 } },
        "line": 61
      },
      "3": {
        "name": "(anonymous_3)",
        "decl": { "start": { "line": 62, "column": 24 }, "end": { "line": 62, "column": 25 } },
        "loc": { "start": { "line": 62, "column": 36 }, "end": { "line": 87, "column": 5 } },
        "line": 62
      },
      "4": {
        "name": "(anonymous_4)",
        "decl": { "start": { "line": 90, "column": 2 }, "end": { "line": 90, "column": 3 } },
        "loc": { "start": { "line": 90, "column": 58 }, "end": { "line": 98, "column": 3 } },
        "line": 90
      },
      "5": {
        "name": "(anonymous_5)",
        "decl": { "start": { "line": 91, "column": 24 }, "end": { "line": 91, "column": 25 } },
        "loc": { "start": { "line": 91, "column": 36 }, "end": { "line": 97, "column": 5 } },
        "line": 91
      },
      "6": {
        "name": "(anonymous_6)",
        "decl": { "start": { "line": 100, "column": 2 }, "end": { "line": 100, "column": 3 } },
        "loc": { "start": { "line": 100, "column": 74 }, "end": { "line": 119, "column": 3 } },
        "line": 100
      },
      "7": {
        "name": "(anonymous_7)",
        "decl": { "start": { "line": 101, "column": 24 }, "end": { "line": 101, "column": 25 } },
        "loc": { "start": { "line": 101, "column": 36 }, "end": { "line": 118, "column": 5 } },
        "line": 101
      },
      "8": {
        "name": "(anonymous_8)",
        "decl": { "start": { "line": 105, "column": 36 }, "end": { "line": 105, "column": 37 } },
        "loc": { "start": { "line": 105, "column": 43 }, "end": { "line": 105, "column": 53 } },
        "line": 105
      },
      "9": {
        "name": "(anonymous_9)",
        "decl": { "start": { "line": 106, "column": 60 }, "end": { "line": 106, "column": 61 } },
        "loc": { "start": { "line": 106, "column": 67 }, "end": { "line": 111, "column": 7 } },
        "line": 106
      },
      "10": {
        "name": "(anonymous_10)",
        "decl": { "start": { "line": 121, "column": 2 }, "end": { "line": 121, "column": 3 } },
        "loc": { "start": { "line": 121, "column": 42 }, "end": { "line": 125, "column": 3 } },
        "line": 121
      },
      "11": {
        "name": "(anonymous_11)",
        "decl": { "start": { "line": 122, "column": 24 }, "end": { "line": 122, "column": 25 } },
        "loc": { "start": { "line": 122, "column": 36 }, "end": { "line": 124, "column": 5 } },
        "line": 122
      },
      "12": {
        "name": "(anonymous_12)",
        "decl": { "start": { "line": 127, "column": 2 }, "end": { "line": 127, "column": 3 } },
        "loc": { "start": { "line": 131, "column": 22 }, "end": { "line": 190, "column": 3 } },
        "line": 131
      },
      "13": {
        "name": "(anonymous_13)",
        "decl": { "start": { "line": 132, "column": 24 }, "end": { "line": 132, "column": 25 } },
        "loc": { "start": { "line": 132, "column": 36 }, "end": { "line": 189, "column": 5 } },
        "line": 132
      }
    },
    "branchMap": {
      "0": {
        "loc": { "start": { "line": 80, "column": 10 }, "end": { "line": 80, "column": 33 } },
        "type": "cond-expr",
        "locations": [
          { "start": { "line": 80, "column": 28 }, "end": { "line": 80, "column": 29 } },
          { "start": { "line": 80, "column": 32 }, "end": { "line": 80, "column": 33 } }
        ],
        "line": 80
      },
      "1": {
        "loc": { "start": { "line": 82, "column": 10 }, "end": { "line": 82, "column": 32 } },
        "type": "cond-expr",
        "locations": [
          { "start": { "line": 82, "column": 27 }, "end": { "line": 82, "column": 28 } },
          { "start": { "line": 82, "column": 31 }, "end": { "line": 82, "column": 32 } }
        ],
        "line": 82
      },
      "2": {
        "loc": { "start": { "line": 96, "column": 13 }, "end": { "line": 96, "column": 47 } },
        "type": "cond-expr",
        "locations": [
          { "start": { "line": 96, "column": 19 }, "end": { "line": 96, "column": 40 } },
          { "start": { "line": 96, "column": 43 }, "end": { "line": 96, "column": 47 } }
        ],
        "line": 96
      },
      "3": {
        "loc": { "start": { "line": 103, "column": 6 }, "end": { "line": 103, "column": 38 } },
        "type": "if",
        "locations": [
          { "start": { "line": 103, "column": 6 }, "end": { "line": 103, "column": 38 } },
          { "start": {}, "end": {} }
        ],
        "line": 103
      },
      "4": {
        "loc": { "start": { "line": 108, "column": 8 }, "end": { "line": 108, "column": 57 } },
        "type": "if",
        "locations": [
          { "start": { "line": 108, "column": 8 }, "end": { "line": 108, "column": 57 } },
          { "start": {}, "end": {} }
        ],
        "line": 108
      },
      "5": {
        "loc": { "start": { "line": 108, "column": 45 }, "end": { "line": 108, "column": 56 } },
        "type": "cond-expr",
        "locations": [
          { "start": { "line": 108, "column": 51 }, "end": { "line": 108, "column": 52 } },
          { "start": { "line": 108, "column": 55 }, "end": { "line": 108, "column": 56 } }
        ],
        "line": 108
      },
      "6": {
        "loc": { "start": { "line": 109, "column": 8 }, "end": { "line": 109, "column": 43 } },
        "type": "if",
        "locations": [
          { "start": { "line": 109, "column": 8 }, "end": { "line": 109, "column": 43 } },
          { "start": {}, "end": {} }
        ],
        "line": 109
      },
      "7": {
        "loc": { "start": { "line": 136, "column": 6 }, "end": { "line": 139, "column": 7 } },
        "type": "if",
        "locations": [
          { "start": { "line": 136, "column": 6 }, "end": { "line": 139, "column": 7 } },
          { "start": {}, "end": {} }
        ],
        "line": 136
      },
      "8": {
        "loc": { "start": { "line": 140, "column": 6 }, "end": { "line": 143, "column": 7 } },
        "type": "if",
        "locations": [
          { "start": { "line": 140, "column": 6 }, "end": { "line": 143, "column": 7 } },
          { "start": {}, "end": {} }
        ],
        "line": 140
      },
      "9": {
        "loc": { "start": { "line": 144, "column": 6 }, "end": { "line": 147, "column": 7 } },
        "type": "if",
        "locations": [
          { "start": { "line": 144, "column": 6 }, "end": { "line": 147, "column": 7 } },
          { "start": {}, "end": {} }
        ],
        "line": 144
      },
      "10": {
        "loc": { "start": { "line": 148, "column": 6 }, "end": { "line": 151, "column": 7 } },
        "type": "if",
        "locations": [
          { "start": { "line": 148, "column": 6 }, "end": { "line": 151, "column": 7 } },
          { "start": {}, "end": {} }
        ],
        "line": 148
      },
      "11": {
        "loc": { "start": { "line": 152, "column": 6 }, "end": { "line": 155, "column": 7 } },
        "type": "if",
        "locations": [
          { "start": { "line": 152, "column": 6 }, "end": { "line": 155, "column": 7 } },
          { "start": {}, "end": {} }
        ],
        "line": 152
      },
      "12": {
        "loc": { "start": { "line": 156, "column": 6 }, "end": { "line": 160, "column": 7 } },
        "type": "if",
        "locations": [
          { "start": { "line": 156, "column": 6 }, "end": { "line": 160, "column": 7 } },
          { "start": {}, "end": {} }
        ],
        "line": 156
      },
      "13": {
        "loc": { "start": { "line": 156, "column": 10 }, "end": { "line": 156, "column": 70 } },
        "type": "binary-expr",
        "locations": [
          { "start": { "line": 156, "column": 10 }, "end": { "line": 156, "column": 38 } },
          { "start": { "line": 156, "column": 42 }, "end": { "line": 156, "column": 70 } }
        ],
        "line": 156
      },
      "14": {
        "loc": { "start": { "line": 183, "column": 6 }, "end": { "line": 187, "column": 7 } },
        "type": "if",
        "locations": [
          { "start": { "line": 183, "column": 6 }, "end": { "line": 187, "column": 7 } },
          { "start": {}, "end": {} }
        ],
        "line": 183
      }
    },
    "s": {
      "0": 38,
      "1": 35,
      "2": 68,
      "3": 68,
      "4": 65,
      "5": 5,
      "6": 5,
      "7": 5,
      "8": 2,
      "9": 2,
      "10": 2,
      "11": 1,
      "12": 1,
      "13": 2,
      "14": 1,
      "15": 2,
      "16": 2,
      "17": 0,
      "18": 2,
      "19": 0,
      "20": 2,
      "21": 1,
      "22": 1,
      "23": 1,
      "24": 1,
      "25": 13,
      "26": 13,
      "27": 13,
      "28": 13,
      "29": 2,
      "30": 2,
      "31": 13,
      "32": 1,
      "33": 1,
      "34": 13,
      "35": 2,
      "36": 2,
      "37": 13,
      "38": 1,
      "39": 1,
      "40": 13,
      "41": 1,
      "42": 1,
      "43": 13,
      "44": 2,
      "45": 2,
      "46": 2,
      "47": 13,
      "48": 13,
      "49": 13,
      "50": 13,
      "51": 13,
      "52": 3,
      "53": 3,
      "54": 3,
      "55": 13
    },
    "f": {
      "0": 38,
      "1": 35,
      "2": 68,
      "3": 68,
      "4": 5,
      "5": 5,
      "6": 2,
      "7": 2,
      "8": 2,
      "9": 2,
      "10": 1,
      "11": 1,
      "12": 13,
      "13": 13
    },
    "b": {
      "0": [0, 68],
      "1": [1, 67],
      "2": [3, 2],
      "3": [1, 1],
      "4": [0, 2],
      "5": [0, 0],
      "6": [0, 2],
      "7": [2, 11],
      "8": [1, 12],
      "9": [2, 11],
      "10": [1, 12],
      "11": [1, 12],
      "12": [2, 11],
      "13": [13, 2],
      "14": [3, 10]
    },
    "_coverageSchema": "1a1c01bbd47fc00a2c39e90264f33305004495a9",
    "hash": "28018c18b2fdeb6a0af13fe2edd5fd519594849c"
  },
  "C:\\Users\\jppan\\Documents\\lol\\1shits\\SpentIt\\spent-it\\src\\services\\auth-service.ts": {
    "path": "C:\\Users\\jppan\\Documents\\lol\\1shits\\SpentIt\\spent-it\\src\\services\\auth-service.ts",
    "statementMap": {
      "0": { "start": { "line": 4, "column": 18 }, "end": { "line": 4, "column": 34 } },
      "1": { "start": { "line": 8, "column": 18 }, "end": { "line": 8, "column": 54 } },
      "2": { "start": { "line": 9, "column": 16 }, "end": { "line": 11, "column": 15 } },
      "3": { "start": { "line": 10, "column": 18 }, "end": { "line": 10, "column": 49 } },
      "4": { "start": { "line": 12, "column": 4 }, "end": { "line": 12, "column": 51 } },
      "5": { "start": { "line": 13, "column": 4 }, "end": { "line": 13, "column": 15 } },
      "6": { "start": { "line": 17, "column": 4 }, "end": { "line": 17, "column": 47 } },
      "7": { "start": { "line": 22, "column": 21 }, "end": { "line": 22, "column": 52 } },
      "8": { "start": { "line": 23, "column": 4 }, "end": { "line": 23, "column": 43 } },
      "9": { "start": { "line": 23, "column": 27 }, "end": { "line": 23, "column": 43 } },
      "10": { "start": { "line": 24, "column": 4 }, "end": { "line": 24, "column": 45 } }
    },
    "fnMap": {
      "0": {
        "name": "(anonymous_0)",
        "decl": { "start": { "line": 7, "column": 2 }, "end": { "line": 7, "column": 3 } },
        "loc": { "start": { "line": 7, "column": 54 }, "end": { "line": 14, "column": 3 } },
        "line": 7
      },
      "1": {
        "name": "(anonymous_1)",
        "decl": { "start": { "line": 10, "column": 11 }, "end": { "line": 10, "column": 12 } },
        "loc": { "start": { "line": 10, "column": 18 }, "end": { "line": 10, "column": 49 } },
        "line": 10
      },
      "2": {
        "name": "(anonymous_2)",
        "decl": { "start": { "line": 16, "column": 2 }, "end": { "line": 16, "column": 3 } },
        "loc": { "start": { "line": 16, "column": 53 }, "end": { "line": 18, "column": 3 } },
        "line": 16
      },
      "3": {
        "name": "(anonymous_3)",
        "decl": { "start": { "line": 21, "column": 2 }, "end": { "line": 21, "column": 3 } },
        "loc": { "start": { "line": 21, "column": 49 }, "end": { "line": 25, "column": 3 } },
        "line": 21
      }
    },
    "branchMap": {
      "0": {
        "loc": { "start": { "line": 23, "column": 4 }, "end": { "line": 23, "column": 43 } },
        "type": "if",
        "locations": [
          { "start": { "line": 23, "column": 4 }, "end": { "line": 23, "column": 43 } },
          { "start": {}, "end": {} }
        ],
        "line": 23
      }
    },
    "s": {
      "0": 1,
      "1": 8,
      "2": 8,
      "3": 256,
      "4": 8,
      "5": 8,
      "6": 9,
      "7": 6,
      "8": 6,
      "9": 3,
      "10": 3
    },
    "f": { "0": 8, "1": 256, "2": 9, "3": 6 },
    "b": { "0": [3, 3] },
    "_coverageSchema": "1a1c01bbd47fc00a2c39e90264f33305004495a9",
    "hash": "8fe8ae50508d749ac1b37b8598052d20825bf84c"
  },
  "C:\\Users\\jppan\\Documents\\lol\\1shits\\SpentIt\\spent-it\\src\\services\\errors.ts": {
    "path": "C:\\Users\\jppan\\Documents\\lol\\1shits\\SpentIt\\spent-it\\src\\services\\errors.ts",
    "statementMap": {
      "0": { "start": { "line": 5, "column": 4 }, "end": { "line": 5, "column": 19 } },
      "1": { "start": { "line": 6, "column": 4 }, "end": { "line": 6, "column": 34 } },
      "2": { "start": { "line": 7, "column": 4 }, "end": { "line": 7, "column": 23 } }
    },
    "fnMap": {
      "0": {
        "name": "(anonymous_0)",
        "decl": { "start": { "line": 4, "column": 2 }, "end": { "line": 4, "column": 3 } },
        "loc": { "start": { "line": 4, "column": 46 }, "end": { "line": 8, "column": 3 } },
        "line": 4
      }
    },
    "branchMap": {},
    "s": { "0": 6, "1": 6, "2": 6 },
    "f": { "0": 6 },
    "b": {},
    "_coverageSchema": "1a1c01bbd47fc00a2c39e90264f33305004495a9",
    "hash": "226a7da05d0e8fa67a8233d6153ed2515bc60322"
  },
  "C:\\Users\\jppan\\Documents\\lol\\1shits\\SpentIt\\spent-it\\src\\services\\transaction-service.ts": {
    "path": "C:\\Users\\jppan\\Documents\\lol\\1shits\\SpentIt\\spent-it\\src\\services\\transaction-service.ts",
    "statementMap": {
      "0": { "start": { "line": 10, "column": 4 }, "end": { "line": 10, "column": 21 } },
      "1": { "start": { "line": 14, "column": 4 }, "end": { "line": 14, "column": 99 } },
      "2": { "start": { "line": 14, "column": 27 }, "end": { "line": 14, "column": 99 } },
      "3": { "start": { "line": 15, "column": 4 }, "end": { "line": 15, "column": 97 } },
      "4": { "start": { "line": 15, "column": 40 }, "end": { "line": 15, "column": 97 } },
      "5": { "start": { "line": 16, "column": 4 }, "end": { "line": 16, "column": 97 } },
      "6": { "start": { "line": 16, "column": 32 }, "end": { "line": 16, "column": 97 } },
      "7": { "start": { "line": 17, "column": 4 }, "end": { "line": 17, "column": 94 } },
      "8": { "start": { "line": 17, "column": 31 }, "end": { "line": 17, "column": 94 } },
      "9": { "start": { "line": 18, "column": 4 }, "end": { "line": 18, "column": 35 } },
      "10": { "start": { "line": 22, "column": 4 }, "end": { "line": 25, "column": 5 } },
      "11": { "start": { "line": 23, "column": 6 }, "end": { "line": 23, "column": 101 } },
      "12": { "start": { "line": 23, "column": 29 }, "end": { "line": 23, "column": 101 } },
      "13": { "start": { "line": 24, "column": 6 }, "end": { "line": 24, "column": 99 } },
      "14": { "start": { "line": 24, "column": 42 }, "end": { "line": 24, "column": 99 } },
      "15": { "start": { "line": 26, "column": 4 }, "end": { "line": 26, "column": 39 } },
      "16": { "start": { "line": 30, "column": 4 }, "end": { "line": 30, "column": 32 } },
      "17": { "start": { "line": 34, "column": 4 }, "end": { "line": 34, "column": 34 } }
    },
    "fnMap": {
      "0": {
        "name": "(anonymous_0)",
        "decl": { "start": { "line": 9, "column": 2 }, "end": { "line": 9, "column": 3 } },
        "loc": { "start": { "line": 9, "column": 43 }, "end": { "line": 11, "column": 3 } },
        "line": 9
      },
      "1": {
        "name": "(anonymous_1)",
        "decl": { "start": { "line": 13, "column": 2 }, "end": { "line": 13, "column": 3 } },
        "loc": { "start": { "line": 13, "column": 55 }, "end": { "line": 19, "column": 3 } },
        "line": 13
      },
      "2": {
        "name": "(anonymous_2)",
        "decl": { "start": { "line": 21, "column": 2 }, "end": { "line": 21, "column": 3 } },
        "loc": { "start": { "line": 21, "column": 74 }, "end": { "line": 27, "column": 3 } },
        "line": 21
      },
      "3": {
        "name": "(anonymous_3)",
        "decl": { "start": { "line": 29, "column": 2 }, "end": { "line": 29, "column": 3 } },
        "loc": { "start": { "line": 29, "column": 42 }, "end": { "line": 31, "column": 3 } },
        "line": 29
      },
      "4": {
        "name": "(anonymous_4)",
        "decl": { "start": { "line": 33, "column": 2 }, "end": { "line": 33, "column": 3 } },
        "loc": { "start": { "line": 33, "column": 58 }, "end": { "line": 35, "column": 3 } },
        "line": 33
      }
    },
    "branchMap": {
      "0": {
        "loc": { "start": { "line": 14, "column": 4 }, "end": { "line": 14, "column": 99 } },
        "type": "if",
        "locations": [
          { "start": { "line": 14, "column": 4 }, "end": { "line": 14, "column": 99 } },
          { "start": {}, "end": {} }
        ],
        "line": 14
      },
      "1": {
        "loc": { "start": { "line": 15, "column": 4 }, "end": { "line": 15, "column": 97 } },
        "type": "if",
        "locations": [
          { "start": { "line": 15, "column": 4 }, "end": { "line": 15, "column": 97 } },
          { "start": {}, "end": {} }
        ],
        "line": 15
      },
      "2": {
        "loc": { "start": { "line": 16, "column": 4 }, "end": { "line": 16, "column": 97 } },
        "type": "if",
        "locations": [
          { "start": { "line": 16, "column": 4 }, "end": { "line": 16, "column": 97 } },
          { "start": {}, "end": {} }
        ],
        "line": 16
      },
      "3": {
        "loc": { "start": { "line": 17, "column": 4 }, "end": { "line": 17, "column": 94 } },
        "type": "if",
        "locations": [
          { "start": { "line": 17, "column": 4 }, "end": { "line": 17, "column": 94 } },
          { "start": {}, "end": {} }
        ],
        "line": 17
      },
      "4": {
        "loc": { "start": { "line": 22, "column": 4 }, "end": { "line": 25, "column": 5 } },
        "type": "if",
        "locations": [
          { "start": { "line": 22, "column": 4 }, "end": { "line": 25, "column": 5 } },
          { "start": {}, "end": {} }
        ],
        "line": 22
      },
      "5": {
        "loc": { "start": { "line": 23, "column": 6 }, "end": { "line": 23, "column": 101 } },
        "type": "if",
        "locations": [
          { "start": { "line": 23, "column": 6 }, "end": { "line": 23, "column": 101 } },
          { "start": {}, "end": {} }
        ],
        "line": 23
      },
      "6": {
        "loc": { "start": { "line": 24, "column": 6 }, "end": { "line": 24, "column": 99 } },
        "type": "if",
        "locations": [
          { "start": { "line": 24, "column": 6 }, "end": { "line": 24, "column": 99 } },
          { "start": {}, "end": {} }
        ],
        "line": 24
      }
    },
    "s": {
      "0": 10,
      "1": 6,
      "2": 2,
      "3": 4,
      "4": 1,
      "5": 3,
      "6": 1,
      "7": 2,
      "8": 1,
      "9": 1,
      "10": 3,
      "11": 2,
      "12": 1,
      "13": 1,
      "14": 0,
      "15": 2,
      "16": 1,
      "17": 0
    },
    "f": { "0": 10, "1": 6, "2": 3, "3": 1, "4": 0 },
    "b": {
      "0": [2, 4],
      "1": [1, 3],
      "2": [1, 2],
      "3": [1, 1],
      "4": [2, 1],
      "5": [1, 1],
      "6": [0, 1]
    },
    "_coverageSchema": "1a1c01bbd47fc00a2c39e90264f33305004495a9",
    "hash": "dc218576823b419a0f5a6347a811675280c17b2a"
  },
  "C:\\Users\\jppan\\Documents\\lol\\1shits\\SpentIt\\spent-it\\src\\utils\\date-grouping.ts": {
    "path": "C:\\Users\\jppan\\Documents\\lol\\1shits\\SpentIt\\spent-it\\src\\utils\\date-grouping.ts",
    "statementMap": {
      "0": { "start": { "line": 8, "column": 29 }, "end": { "line": 8, "column": 31 } },
      "1": { "start": { "line": 9, "column": 32 }, "end": { "line": 9, "column": 36 } },
      "2": { "start": { "line": 10, "column": 2 }, "end": { "line": 16, "column": 3 } },
      "3": { "start": { "line": 11, "column": 4 }, "end": { "line": 14, "column": 5 } },
      "4": { "start": { "line": 12, "column": 6 }, "end": { "line": 12, "column": 71 } },
      "5": { "start": { "line": 13, "column": 6 }, "end": { "line": 13, "column": 25 } },
      "6": { "start": { "line": 15, "column": 4 }, "end": { "line": 15, "column": 53 } },
      "7": { "start": { "line": 17, "column": 2 }, "end": { "line": 17, "column": 13 } }
    },
    "fnMap": {
      "0": {
        "name": "groupTransactionsByDate",
        "decl": { "start": { "line": 7, "column": 16 }, "end": { "line": 7, "column": 39 } },
        "loc": { "start": { "line": 7, "column": 88 }, "end": { "line": 18, "column": 1 } },
        "line": 7
      }
    },
    "branchMap": {
      "0": {
        "loc": { "start": { "line": 11, "column": 4 }, "end": { "line": 14, "column": 5 } },
        "type": "if",
        "locations": [
          { "start": { "line": 11, "column": 4 }, "end": { "line": 14, "column": 5 } },
          { "start": {}, "end": {} }
        ],
        "line": 11
      }
    },
    "s": { "0": 4, "1": 4, "2": 4, "3": 7, "4": 5, "5": 5, "6": 7, "7": 4 },
    "f": { "0": 4 },
    "b": { "0": [5, 2] },
    "_coverageSchema": "1a1c01bbd47fc00a2c39e90264f33305004495a9",
    "hash": "40ae9704fdb91193540a989bb2ef6fc365463140"
  },
  "C:\\Users\\jppan\\Documents\\lol\\1shits\\SpentIt\\spent-it\\src\\utils\\format.ts": {
    "path": "C:\\Users\\jppan\\Documents\\lol\\1shits\\SpentIt\\spent-it\\src\\utils\\format.ts",
    "statementMap": {
      "0": { "start": { "line": 1, "column": 49 }, "end": { "line": 7, "column": 1 } },
      "1": { "start": { "line": 10, "column": 2 }, "end": { "line": 10, "column": 40 } },
      "2": { "start": { "line": 14, "column": 15 }, "end": { "line": 14, "column": 35 } },
      "3": { "start": { "line": 15, "column": 14 }, "end": { "line": 15, "column": 29 } },
      "4": { "start": { "line": 16, "column": 34 }, "end": { "line": 16, "column": 59 } },
      "5": { "start": { "line": 17, "column": 25 }, "end": { "line": 17, "column": 70 } },
      "6": { "start": { "line": 18, "column": 2 }, "end": { "line": 18, "column": 70 } },
      "7": { "start": { "line": 21, "column": 21 }, "end": { "line": 21, "column": 105 } },
      "8": { "start": { "line": 24, "column": 20 }, "end": { "line": 24, "column": 46 } },
      "9": { "start": { "line": 25, "column": 2 }, "end": { "line": 25, "column": 43 } },
      "10": { "start": { "line": 29, "column": 12 }, "end": { "line": 29, "column": 27 } },
      "11": { "start": { "line": 30, "column": 12 }, "end": { "line": 30, "column": 53 } },
      "12": { "start": { "line": 31, "column": 14 }, "end": { "line": 31, "column": 50 } },
      "13": { "start": { "line": 32, "column": 2 }, "end": { "line": 32, "column": 28 } },
      "14": { "start": { "line": 36, "column": 2 }, "end": { "line": 36, "column": 33 } },
      "15": { "start": { "line": 40, "column": 16 }, "end": { "line": 40, "column": 32 } },
      "16": { "start": { "line": 41, "column": 2 }, "end": { "line": 41, "column": 36 } },
      "17": { "start": { "line": 41, "column": 21 }, "end": { "line": 41, "column": 36 } },
      "18": { "start": { "line": 43, "column": 24 }, "end": { "line": 43, "column": 37 } },
      "19": { "start": { "line": 44, "column": 2 }, "end": { "line": 44, "column": 53 } },
      "20": { "start": { "line": 45, "column": 2 }, "end": { "line": 45, "column": 61 } },
      "21": { "start": { "line": 45, "column": 42 }, "end": { "line": 45, "column": 61 } },
      "22": { "start": { "line": 47, "column": 12 }, "end": { "line": 47, "column": 26 } },
      "23": { "start": { "line": 48, "column": 19 }, "end": { "line": 48, "column": 56 } },
      "24": { "start": { "line": 49, "column": 14 }, "end": { "line": 49, "column": 25 } },
      "25": { "start": { "line": 50, "column": 16 }, "end": { "line": 50, "column": 42 } },
      "26": { "start": { "line": 51, "column": 2 }, "end": { "line": 51, "column": 77 } },
      "27": { "start": { "line": 55, "column": 12 }, "end": { "line": 55, "column": 26 } },
      "28": { "start": { "line": 56, "column": 2 }, "end": { "line": 56, "column": 75 } }
    },
    "fnMap": {
      "0": {
        "name": "currencySymbol",
        "decl": { "start": { "line": 9, "column": 16 }, "end": { "line": 9, "column": 30 } },
        "loc": { "start": { "line": 9, "column": 53 }, "end": { "line": 11, "column": 1 } },
        "line": 9
      },
      "1": {
        "name": "formatCurrency",
        "decl": { "start": { "line": 13, "column": 16 }, "end": { "line": 13, "column": 30 } },
        "loc": { "start": { "line": 13, "column": 76 }, "end": { "line": 19, "column": 1 } },
        "line": 13
      },
      "2": {
        "name": "ymdToDate",
        "decl": { "start": { "line": 23, "column": 9 }, "end": { "line": 23, "column": 18 } },
        "loc": { "start": { "line": 23, "column": 38 }, "end": { "line": 26, "column": 1 } },
        "line": 23
      },
      "3": {
        "name": "isoDateOnly",
        "decl": { "start": { "line": 28, "column": 9 }, "end": { "line": 28, "column": 20 } },
        "loc": { "start": { "line": 28, "column": 38 }, "end": { "line": 33, "column": 1 } },
        "line": 28
      },
      "4": {
        "name": "todayIso",
        "decl": { "start": { "line": 35, "column": 16 }, "end": { "line": 35, "column": 24 } },
        "loc": { "start": { "line": 35, "column": 35 }, "end": { "line": 37, "column": 1 } },
        "line": 35
      },
      "5": {
        "name": "formatRelativeDate",
        "decl": { "start": { "line": 39, "column": 16 }, "end": { "line": 39, "column": 34 } },
        "loc": { "start": { "line": 39, "column": 80 }, "end": { "line": 52, "column": 1 } },
        "line": 39
      },
      "6": {
        "name": "formatDate",
        "decl": { "start": { "line": 54, "column": 16 }, "end": { "line": 54, "column": 26 } },
        "loc": { "start": { "line": 54, "column": 48 }, "end": { "line": 57, "column": 1 } },
        "line": 54
      }
    },
    "branchMap": {
      "0": {
        "loc": { "start": { "line": 10, "column": 9 }, "end": { "line": 10, "column": 39 } },
        "type": "binary-expr",
        "locations": [
          { "start": { "line": 10, "column": 9 }, "end": { "line": 10, "column": 31 } },
          { "start": { "line": 10, "column": 35 }, "end": { "line": 10, "column": 39 } }
        ],
        "line": 10
      },
      "1": {
        "loc": { "start": { "line": 13, "column": 46 }, "end": { "line": 13, "column": 66 } },
        "type": "default-arg",
        "locations": [
          { "start": { "line": 13, "column": 61 }, "end": { "line": 13, "column": 66 } }
        ],
        "line": 13
      },
      "2": {
        "loc": { "start": { "line": 14, "column": 15 }, "end": { "line": 14, "column": 35 } },
        "type": "cond-expr",
        "locations": [
          { "start": { "line": 14, "column": 27 }, "end": { "line": 14, "column": 30 } },
          { "start": { "line": 14, "column": 33 }, "end": { "line": 14, "column": 35 } }
        ],
        "line": 14
      },
      "3": {
        "loc": { "start": { "line": 16, "column": 18 }, "end": { "line": 16, "column": 30 } },
        "type": "default-arg",
        "locations": [
          { "start": { "line": 16, "column": 28 }, "end": { "line": 16, "column": 30 } }
        ],
        "line": 16
      },
      "4": {
        "loc": { "start": { "line": 25, "column": 22 }, "end": { "line": 25, "column": 28 } },
        "type": "binary-expr",
        "locations": [
          { "start": { "line": 25, "column": 22 }, "end": { "line": 25, "column": 23 } },
          { "start": { "line": 25, "column": 27 }, "end": { "line": 25, "column": 28 } }
        ],
        "line": 25
      },
      "5": {
        "loc": { "start": { "line": 25, "column": 35 }, "end": { "line": 25, "column": 41 } },
        "type": "binary-expr",
        "locations": [
          { "start": { "line": 25, "column": 35 }, "end": { "line": 25, "column": 36 } },
          { "start": { "line": 25, "column": 40 }, "end": { "line": 25, "column": 41 } }
        ],
        "line": 25
      },
      "6": {
        "loc": { "start": { "line": 39, "column": 48 }, "end": { "line": 39, "column": 70 } },
        "type": "default-arg",
        "locations": [
          { "start": { "line": 39, "column": 60 }, "end": { "line": 39, "column": 70 } }
        ],
        "line": 39
      },
      "7": {
        "loc": { "start": { "line": 41, "column": 2 }, "end": { "line": 41, "column": 36 } },
        "type": "if",
        "locations": [
          { "start": { "line": 41, "column": 2 }, "end": { "line": 41, "column": 36 } },
          { "start": {}, "end": {} }
        ],
        "line": 41
      },
      "8": {
        "loc": { "start": { "line": 45, "column": 2 }, "end": { "line": 45, "column": 61 } },
        "type": "if",
        "locations": [
          { "start": { "line": 45, "column": 2 }, "end": { "line": 45, "column": 61 } },
          { "start": {}, "end": {} }
        ],
        "line": 45
      },
      "9": {
        "loc": { "start": { "line": 51, "column": 9 }, "end": { "line": 51, "column": 76 } },
        "type": "cond-expr",
        "locations": [
          { "start": { "line": 51, "column": 20 }, "end": { "line": 51, "column": 37 } },
          { "start": { "line": 51, "column": 40 }, "end": { "line": 51, "column": 76 } }
        ],
        "line": 51
      }
    },
    "s": {
      "0": 1,
      "1": 7,
      "2": 5,
      "3": 5,
      "4": 5,
      "5": 5,
      "6": 5,
      "7": 1,
      "8": 3,
      "9": 3,
      "10": 8,
      "11": 8,
      "12": 8,
      "13": 8,
      "14": 1,
      "15": 4,
      "16": 4,
      "17": 1,
      "18": 3,
      "19": 3,
      "20": 3,
      "21": 1,
      "22": 2,
      "23": 2,
      "24": 2,
      "25": 2,
      "26": 2,
      "27": 1,
      "28": 1
    },
    "f": { "0": 7, "1": 5, "2": 3, "3": 8, "4": 1, "5": 4, "6": 1 },
    "b": {
      "0": [7, 1],
      "1": [4],
      "2": [1, 4],
      "3": [0],
      "4": [3, 0],
      "5": [3, 0],
      "6": [0],
      "7": [1, 3],
      "8": [1, 2],
      "9": [1, 1]
    },
    "_coverageSchema": "1a1c01bbd47fc00a2c39e90264f33305004495a9",
    "hash": "74eed38222844fa9fa3ba9537f2aca9c4f1958b6"
  }
}
