TN:
SF:src\db\migrations\runner.ts
FN:7,runMigrations
FN:11,(anonymous_1)
FN:15,(anonymous_2)
FNF:3
FNH:3
FNDA:26,runMigrations
FNDA:26,(anonymous_1)
FNDA:24,(anonymous_2)
DA:8,26
DA:9,26
DA:11,26
DA:12,26
DA:14,24
DA:15,24
DA:16,24
DA:19,24
LF:8
LH:8
BRDA:9,0,0,26
BRDA:9,0,1,0
BRDA:12,1,0,2
BRDA:12,1,1,24
BRF:4
BRH:3
end_of_record
TN:
SF:src\db\repositories\account-repository.ts
FN:25,rowToAccount
FN:35,(anonymous_1)
FN:36,(anonymous_2)
FN:57,(anonymous_3)
FN:58,(anonymous_4)
FN:72,(anonymous_5)
FN:79,(anonymous_6)
FN:80,(anonymous_7)
FN:89,(anonymous_8)
FN:90,(anonymous_9)
FN:94,(anonymous_10)
FN:95,(anonymous_11)
FN:109,(anonymous_12)
FN:110,(anonymous_13)
FN:118,(anonymous_14)
FN:119,(anonymous_15)
FNF:16
FNH:16
FNDA:9,rowToAccount
FNDA:13,(anonymous_1)
FNDA:13,(anonymous_2)
FNDA:4,(anonymous_3)
FNDA:4,(anonymous_4)
FNDA:5,(anonymous_5)
FNDA:5,(anonymous_6)
FNDA:5,(anonymous_7)
FNDA:2,(anonymous_8)
FNDA:2,(anonymous_9)
FNDA:2,(anonymous_10)
FNDA:2,(anonymous_11)
FNDA:2,(anonymous_12)
FNDA:2,(anonymous_13)
FNDA:6,(anonymous_14)
FNDA:6,(anonymous_15)
DA:26,9
DA:36,13
DA:37,13
DA:53,11
DA:58,4
DA:59,4
DA:72,5
DA:80,5
DA:81,5
DA:85,5
DA:90,2
DA:91,2
DA:92,2
DA:94,2
DA:95,1
DA:96,2
DA:97,2
DA:98,2
DA:100,1
DA:102,1
DA:110,2
DA:111,2
DA:119,6
DA:120,6
DA:132,6
LF:25
LH:25
BRDA:48,0,0,0
BRDA:48,0,1,13
BRDA:49,1,0,0
BRDA:49,1,1,13
BRDA:85,2,0,4
BRDA:85,2,1,1
BRDA:92,3,0,1
BRDA:92,3,1,1
BRDA:97,4,0,0
BRDA:97,4,1,2
BRDA:97,5,0,0
BRDA:97,5,1,0
BRDA:132,6,0,6
BRDA:132,6,1,1
BRF:14
BRH:9
end_of_record
TN:
SF:src\db\repositories\base-repository.ts
FN:6,(anonymous_0)
FN:22,translateError
FN:42,(anonymous_2)
FN:46,(anonymous_3)
FNF:4
FNH:4
FNDA:5,(anonymous_0)
FNDA:5,translateError
FNDA:21,(anonymous_2)
FNDA:35,(anonymous_3)
DA:7,5
DA:8,5
DA:9,5
DA:13,1
DA:23,5
DA:25,4
DA:27,4
DA:28,2
DA:30,2
DA:31,1
DA:33,1
DA:34,0
DA:36,1
DA:43,21
DA:47,35
DA:48,35
DA:50,5
LF:17
LH:16
BRDA:23,0,0,1
BRDA:23,0,1,4
BRDA:25,1,0,4
BRDA:25,1,1,0
BRDA:27,2,0,2
BRDA:27,2,1,2
BRDA:30,3,0,1
BRDA:30,3,1,1
BRDA:33,4,0,0
BRDA:33,4,1,1
BRDA:33,5,0,1
BRDA:33,5,1,1
BRF:12
BRH:10
end_of_record
