TN:
SF:src\db\migrations\runner.ts
FN:7,runMigrations
FN:11,(anonymous_1)
FN:15,(anonymous_2)
FNF:3
FNH:3
FNDA:63,runMigrations
FNDA:63,(anonymous_1)
FNDA:61,(anonymous_2)
DA:8,63
DA:9,63
DA:11,63
DA:12,63
DA:14,61
DA:15,61
DA:16,61
DA:19,61
LF:8
LH:8
BRDA:9,0,0,63
BRDA:9,0,1,0
BRDA:12,1,0,2
BRDA:12,1,1,61
BRF:4
BRH:3
end_of_record
TN:
SF:src\db\repositories\account-repository.ts
FN:25,rowToAccount
FN:35,(anonymous_1)
FN:36,(anonymous_2)
FN:57,(anonymous_3)
FN:58,(anonymous_4)
FN:72,(anonymous_5)
FN:79,(anonymous_6)
FN:80,(anonymous_7)
FN:88,(anonymous_8)
FN:89,(anonymous_9)
FN:93,(anonymous_10)
FN:94,(anonymous_11)
FN:108,(anonymous_12)
FN:109,(anonymous_13)
FN:117,(anonymous_14)
FN:118,(anonymous_15)
FNF:16
FNH:16
FNDA:9,rowToAccount
FNDA:13,(anonymous_1)
FNDA:13,(anonymous_2)
FNDA:4,(anonymous_3)
FNDA:4,(anonymous_4)
FNDA:5,(anonymous_5)
FNDA:5,(anonymous_6)
FNDA:5,(anonymous_7)
FNDA:2,(anonymous_8)
FNDA:2,(anonymous_9)
FNDA:2,(anonymous_10)
FNDA:2,(anonymous_11)
FNDA:2,(anonymous_12)
FNDA:2,(anonymous_13)
FNDA:6,(anonymous_14)
FNDA:6,(anonymous_15)
DA:26,9
DA:36,13
DA:37,13
DA:53,11
DA:58,4
DA:59,4
DA:72,5
DA:80,5
DA:81,5
DA:84,5
DA:89,2
DA:90,2
DA:91,2
DA:93,2
DA:94,1
DA:95,2
DA:96,2
DA:97,2
DA:99,1
DA:101,1
DA:109,2
DA:110,2
DA:118,6
DA:119,6
DA:131,6
LF:25
LH:25
BRDA:48,0,0,0
BRDA:48,0,1,13
BRDA:49,1,0,0
BRDA:49,1,1,13
BRDA:84,2,0,4
BRDA:84,2,1,1
BRDA:91,3,0,1
BRDA:91,3,1,1
BRDA:96,4,0,0
BRDA:96,4,1,2
BRDA:96,5,0,0
BRDA:96,5,1,0
BRDA:131,6,0,6
BRDA:131,6,1,1
BRF:14
BRH:9
end_of_record
TN:
SF:src\db\repositories\base-repository.ts
FN:6,(anonymous_0)
FN:22,translateError
FN:42,(anonymous_2)
FN:46,(anonymous_3)
FNF:4
FNH:4
FNDA:8,(anonymous_0)
FNDA:8,translateError
FNDA:58,(anonymous_2)
FNDA:146,(anonymous_3)
DA:7,8
DA:8,8
DA:9,8
DA:13,5
DA:23,8
DA:25,7
DA:27,7
DA:28,2
DA:30,5
DA:31,4
DA:33,1
DA:34,0
DA:36,1
DA:43,58
DA:47,146
DA:48,146
DA:50,8
LF:17
LH:16
BRDA:23,0,0,1
BRDA:23,0,1,7
BRDA:25,1,0,7
BRDA:25,1,1,0
BRDA:27,2,0,2
BRDA:27,2,1,5
BRDA:30,3,0,4
BRDA:30,3,1,1
BRDA:33,4,0,0
BRDA:33,4,1,1
BRDA:33,5,0,1
BRDA:33,5,1,1
BRF:12
BRH:10
end_of_record
TN:
SF:src\db\repositories\category-repository.ts
FN:18,rowToCategory
FN:28,(anonymous_1)
FN:29,(anonymous_2)
FN:37,(anonymous_3)
FN:38,(anonymous_4)
FN:47,(anonymous_5)
FN:48,(anonymous_6)
FNF:7
FNH:7
FNDA:60,rowToCategory
FNDA:2,(anonymous_1)
FNDA:2,(anonymous_2)
FNDA:2,(anonymous_3)
FNDA:2,(anonymous_4)
FNDA:3,(anonymous_5)
FNDA:3,(anonymous_6)
DA:19,60
DA:29,2
DA:30,2
DA:33,2
DA:38,2
DA:39,2
DA:43,2
DA:48,3
DA:49,3
DA:50,1
DA:53,1
DA:55,2
DA:56,2
DA:62,2
LF:14
LH:14
BRDA:43,0,0,1
BRDA:43,0,1,1
BRDA:49,1,0,1
BRDA:49,1,1,2
BRDA:55,2,0,1
BRDA:55,2,1,1
BRF:6
BRH:6
end_of_record
TN:
SF:src\db\repositories\payment-method-repository.ts
FN:12,rowToPaymentMethod
FN:17,(anonymous_1)
FN:18,(anonymous_2)
FN:26,(anonymous_3)
FN:27,(anonymous_4)
FN:35,(anonymous_5)
FN:36,(anonymous_6)
FNF:7
FNH:7
FNDA:10,rowToPaymentMethod
FNDA:4,(anonymous_1)
FNDA:4,(anonymous_2)
FNDA:2,(anonymous_3)
FNDA:2,(anonymous_4)
FNDA:2,(anonymous_5)
FNDA:2,(anonymous_6)
DA:13,10
DA:18,4
DA:19,4
DA:22,4
DA:27,2
DA:28,2
DA:31,2
DA:36,2
DA:37,2
LF:9
LH:9
BRDA:31,0,0,1
BRDA:31,0,1,1
BRF:2
BRH:2
end_of_record
TN:
SF:src\db\repositories\settings-repository.ts
FN:9,(anonymous_0)
FN:10,(anonymous_1)
FN:19,(anonymous_2)
FN:20,(anonymous_3)
FN:29,(anonymous_4)
FN:30,(anonymous_5)
FNF:6
FNH:6
FNDA:4,(anonymous_0)
FNDA:4,(anonymous_1)
FNDA:2,(anonymous_2)
FNDA:2,(anonymous_3)
FNDA:1,(anonymous_4)
FNDA:1,(anonymous_5)
DA:10,4
DA:11,4
DA:15,4
DA:20,2
DA:21,2
DA:30,1
DA:31,1
DA:32,1
DA:33,6
DA:34,1
LF:10
LH:10
BRDA:15,0,0,4
BRDA:15,0,1,1
BRF:2
BRH:2
end_of_record
TN:
SF:src\db\repositories\transaction-repository.ts
FN:40,rowToTransaction
FN:49,rowToWithCategory
FN:61,(anonymous_2)
FN:62,(anonymous_3)
FN:90,(anonymous_4)
FN:91,(anonymous_5)
FN:100,(anonymous_6)
FN:101,(anonymous_7)
FN:105,(anonymous_8)
FN:106,(anonymous_9)
FN:121,(anonymous_10)
FN:122,(anonymous_11)
FN:127,(anonymous_12)
FN:132,(anonymous_13)
FNF:14
FNH:14
FNDA:38,rowToTransaction
FNDA:35,rowToWithCategory
FNDA:68,(anonymous_2)
FNDA:68,(anonymous_3)
FNDA:5,(anonymous_4)
FNDA:5,(anonymous_5)
FNDA:2,(anonymous_6)
FNDA:2,(anonymous_7)
FNDA:2,(anonymous_8)
FNDA:2,(anonymous_9)
FNDA:1,(anonymous_10)
FNDA:1,(anonymous_11)
FNDA:13,(anonymous_12)
FNDA:13,(anonymous_13)
DA:41,38
DA:50,35
DA:62,68
DA:63,68
DA:86,65
DA:91,5
DA:92,5
DA:96,5
DA:101,2
DA:102,2
DA:103,2
DA:105,2
DA:106,1
DA:107,2
DA:108,2
DA:109,2
DA:110,2
DA:112,1
DA:114,1
DA:122,1
DA:123,1
DA:132,13
DA:133,13
DA:134,13
DA:136,13
DA:137,2
DA:138,2
DA:140,13
DA:141,1
DA:142,1
DA:144,13
DA:145,2
DA:146,2
DA:148,13
DA:149,1
DA:150,1
DA:152,13
DA:153,1
DA:154,1
DA:156,13
DA:157,2
DA:158,2
DA:159,2
DA:162,13
DA:164,13
DA:180,13
DA:182,13
DA:183,13
DA:184,3
DA:185,3
DA:186,3
DA:188,13
LF:52
LH:52
BRDA:80,0,0,0
BRDA:80,0,1,68
BRDA:82,1,0,1
BRDA:82,1,1,67
BRDA:96,2,0,3
BRDA:96,2,1,2
BRDA:103,3,0,1
BRDA:103,3,1,1
BRDA:108,4,0,0
BRDA:108,4,1,2
BRDA:108,5,0,0
BRDA:108,5,1,0
BRDA:109,6,0,0
BRDA:109,6,1,2
BRDA:136,7,0,2
BRDA:136,7,1,11
BRDA:140,8,0,1
BRDA:140,8,1,12
BRDA:144,9,0,2
BRDA:144,9,1,11
BRDA:148,10,0,1
BRDA:148,10,1,12
BRDA:152,11,0,1
BRDA:152,11,1,12
BRDA:156,12,0,2
BRDA:156,12,1,11
BRDA:156,13,0,13
BRDA:156,13,1,2
BRDA:183,14,0,3
BRDA:183,14,1,10
BRF:30
BRH:25
end_of_record
TN:
SF:src\services\auth-service.ts
FN:7,(anonymous_0)
FN:10,(anonymous_1)
FN:16,(anonymous_2)
FN:21,(anonymous_3)
FNF:4
FNH:4
FNDA:8,(anonymous_0)
FNDA:256,(anonymous_1)
FNDA:9,(anonymous_2)
FNDA:6,(anonymous_3)
DA:4,1
DA:8,8
DA:9,8
DA:10,256
DA:12,8
DA:13,8
DA:17,9
DA:22,6
DA:23,6
DA:24,3
LF:10
LH:10
BRDA:23,0,0,3
BRDA:23,0,1,3
BRF:2
BRH:2
end_of_record
TN:
SF:src\services\errors.ts
FN:4,(anonymous_0)
FNF:1
FNH:1
FNDA:6,(anonymous_0)
DA:5,6
DA:6,6
DA:7,6
LF:3
LH:3
BRF:0
BRH:0
end_of_record
TN:
SF:src\services\transaction-service.ts
FN:9,(anonymous_0)
FN:13,(anonymous_1)
FN:21,(anonymous_2)
FN:29,(anonymous_3)
FN:33,(anonymous_4)
FNF:5
FNH:4
FNDA:10,(anonymous_0)
FNDA:6,(anonymous_1)
FNDA:3,(anonymous_2)
FNDA:1,(anonymous_3)
FNDA:0,(anonymous_4)
DA:10,10
DA:14,6
DA:15,4
DA:16,3
DA:17,2
DA:18,1
DA:22,3
DA:23,2
DA:24,1
DA:26,2
DA:30,1
DA:34,0
LF:12
LH:11
BRDA:14,0,0,2
BRDA:14,0,1,4
BRDA:15,1,0,1
BRDA:15,1,1,3
BRDA:16,2,0,1
BRDA:16,2,1,2
BRDA:17,3,0,1
BRDA:17,3,1,1
BRDA:22,4,0,2
BRDA:22,4,1,1
BRDA:23,5,0,1
BRDA:23,5,1,1
BRDA:24,6,0,0
BRDA:24,6,1,1
BRF:14
BRH:13
end_of_record
TN:
SF:src\utils\date-grouping.ts
FN:7,groupTransactionsByDate
FNF:1
FNH:1
FNDA:4,groupTransactionsByDate
DA:8,4
DA:9,4
DA:10,4
DA:11,7
DA:12,5
DA:13,5
DA:15,7
DA:17,4
LF:8
LH:8
BRDA:11,0,0,5
BRDA:11,0,1,2
BRF:2
BRH:2
end_of_record
TN:
SF:src\utils\format.ts
FN:9,currencySymbol
FN:13,formatCurrency
FN:23,ymdToDate
FN:28,isoDateOnly
FN:35,todayIso
FN:39,formatRelativeDate
FN:54,formatDate
FNF:7
FNH:7
FNDA:7,currencySymbol
FNDA:5,formatCurrency
FNDA:3,ymdToDate
FNDA:8,isoDateOnly
FNDA:1,todayIso
FNDA:4,formatRelativeDate
FNDA:1,formatDate
DA:1,1
DA:10,7
DA:14,5
DA:15,5
DA:16,5
DA:17,5
DA:18,5
DA:21,1
DA:24,3
DA:25,3
DA:29,8
DA:30,8
DA:31,8
DA:32,8
DA:36,1
DA:40,4
DA:41,4
DA:43,3
DA:44,3
DA:45,3
DA:47,2
DA:48,2
DA:49,2
DA:50,2
DA:51,2
DA:55,1
DA:56,1
LF:27
LH:27
BRDA:10,0,0,7
BRDA:10,0,1,1
BRDA:13,1,0,4
BRDA:14,2,0,1
BRDA:14,2,1,4
BRDA:16,3,0,0
BRDA:25,4,0,3
BRDA:25,4,1,0
BRDA:25,5,0,3
BRDA:25,5,1,0
BRDA:39,6,0,0
BRDA:41,7,0,1
BRDA:41,7,1,3
BRDA:45,8,0,1
BRDA:45,8,1,2
BRDA:51,9,0,1
BRDA:51,9,1,1
BRF:17
BRH:13
end_of_record
